Using pre-set license
Built from '2023.1/staging' branch; Version is '2023.1.18f1 (2b639e48c919) revision 2843550'; Using compiler version '192829333'; Build Type 'Release'
OS: 'Windows 10  (10.0.19045) 64bit CoreSingleLanguage' Language: 'tr' Physical Memory: 8078 MB
BatchMode: 1, IsHumanControllingUs: 0, StartBugReporterOnCrash: 0, Is64bit: 1, IsPro: 1

COMMAND LINE ARGUMENTS:
C:\Program Files\Unity\Hub\Editor\2023.1.18f1\Editor\Unity.exe
-adb2
-batchMode
-noUpm
-name
AssetImportWorker1
-projectPath
B:/PROJELER/Fly Game
-logFile
Logs/AssetImportWorker1.log
-srvPort
50732
Successfully changed project path to: B:/PROJELER/Fly Game
B:/PROJELER/Fly Game
[UnityMemory] Configuration Parameters - Can be set up in boot.config
    "memorysetup-bucket-allocator-granularity=16"
    "memorysetup-bucket-allocator-bucket-count=8"
    "memorysetup-bucket-allocator-block-size=33554432"
    "memorysetup-bucket-allocator-block-count=8"
    "memorysetup-main-allocator-block-size=16777216"
    "memorysetup-thread-allocator-block-size=16777216"
    "memorysetup-gfx-main-allocator-block-size=16777216"
    "memorysetup-gfx-thread-allocator-block-size=16777216"
    "memorysetup-cache-allocator-block-size=4194304"
    "memorysetup-typetree-allocator-block-size=2097152"
    "memorysetup-profiler-bucket-allocator-granularity=16"
    "memorysetup-profiler-bucket-allocator-bucket-count=8"
    "memorysetup-profiler-bucket-allocator-block-size=33554432"
    "memorysetup-profiler-bucket-allocator-block-count=8"
    "memorysetup-profiler-allocator-block-size=16777216"
    "memorysetup-profiler-editor-allocator-block-size=1048576"
    "memorysetup-temp-allocator-size-main=16777216"
    "memorysetup-job-temp-allocator-block-size=2097152"
    "memorysetup-job-temp-allocator-block-size-background=1048576"
    "memorysetup-job-temp-allocator-reduction-small-platforms=262144"
    "memorysetup-allocator-temp-initial-block-size-main=262144"
    "memorysetup-allocator-temp-initial-block-size-worker=262144"
    "memorysetup-temp-allocator-size-background-worker=32768"
    "memorysetup-temp-allocator-size-job-worker=262144"
    "memorysetup-temp-allocator-size-preload-manager=33554432"
    "memorysetup-temp-allocator-size-nav-mesh-worker=65536"
    "memorysetup-temp-allocator-size-audio-worker=65536"
    "memorysetup-temp-allocator-size-cloud-worker=32768"
    "memorysetup-temp-allocator-size-gi-baking-worker=262144"
    "memorysetup-temp-allocator-size-gfx=262144"
Player connection [8632] Host "[IP] 192.168.1.38 [Port] 0 [Flags] 2 [Guid] 3445180482 [EditorId] 3445180482 [Version] 1048832 [Id] WindowsEditor(7,LAPTOP-05DUCBED) [Debug] 1 [PackageName] WindowsEditor [ProjectName] Editor" joined multi-casting on [225.0.0.222:54997]...

Player connection [8632] Host "[IP] 192.168.1.38 [Port] 0 [Flags] 2 [Guid] 3445180482 [EditorId] 3445180482 [Version] 1048832 [Id] WindowsEditor(7,LAPTOP-05DUCBED) [Debug] 1 [PackageName] WindowsEditor [ProjectName] Editor" joined alternative multi-casting on [225.0.0.222:34997]...

[Physics::Module] Initialized MultithreadedJobDispatcher with 7 workers.
Library Redirect Path: Library/Refreshing native plugins compatible for Editor in 552.50 ms, found 3 plugins.
Preloading 0 native plugins for Editor in 0.00 ms.
Initialize engine version: 2023.1.18f1 (2b639e48c919)
[Subsystems] Discovering subsystems at path C:/Program Files/Unity/Hub/Editor/2023.1.18f1/Editor/Data/Resources/UnitySubsystems
[Subsystems] Discovering subsystems at path B:/PROJELER/Fly Game/Assets
GfxDevice: creating device client; threaded=0; jobified=0
Direct3D:
    Version:  Direct3D 11.0 [level 11.0]
    Renderer: NVIDIA GeForce MX110 (ID=0x174e)
    Vendor:   NVIDIA
    VRAM:     2008 MB
    Driver:   31.0.15.3713
Initialize mono
Mono path[0] = 'C:/Program Files/Unity/Hub/Editor/2023.1.18f1/Editor/Data/Managed'
Mono path[1] = 'C:/Program Files/Unity/Hub/Editor/2023.1.18f1/Editor/Data/MonoBleedingEdge/lib/mono/unityjit-win32'
Mono config path = 'C:/Program Files/Unity/Hub/Editor/2023.1.18f1/Editor/Data/MonoBleedingEdge/etc'
Using monoOptions --debugger-agent=transport=dt_socket,embedding=1,server=y,suspend=n,address=127.0.0.1:56884
Begin MonoManager ReloadAssembly
C:\build\output\Unity-Technologies\mono\mono\metadata\icall.c:1842:
C:\build\output\Unity-Technologies\mono\mono\metadata\icall.c:1842:
C:\build\output\Unity-Technologies\mono\mono\metadata\icall.c:1842:
C:\build\output\Unity-Technologies\mono\mono\metadata\icall.c:1842:
C:\build\output\Unity-Technologies\mono\mono\metadata\icall.c:1842:
C:\build\output\Unity-Technologies\mono\mono\metadata\icall.c:1842:
C:\build\output\Unity-Technologies\mono\mono\metadata\icall.c:1842:
C:\build\output\Unity-Technologies\mono\mono\metadata\icall.c:1842:
C:\build\output\Unity-Technologies\mono\mono\metadata\icall.c:1842:
C:\build\output\Unity-Technologies\mono\mono\metadata\icall.c:1842:
Registering precompiled unity dll's ...
Register platform support module: C:/Program Files/Unity/Hub/Editor/2023.1.18f1/Editor/Data/PlaybackEngines/WindowsStandaloneSupport/UnityEditor.WindowsStandalone.Extensions.dll
Register platform support module: C:/Program Files/Unity/Hub/Editor/2023.1.18f1/Editor/Data/PlaybackEngines/MetroSupport/UnityEditor.UWP.Extensions.dll
Register platform support module: C:/Program Files/Unity/Hub/Editor/2023.1.18f1/Editor/Data/PlaybackEngines/AndroidPlayer/UnityEditor.Android.Extensions.dll
Register platform support module: C:/Program Files/Unity/Hub/Editor/2023.1.18f1/Editor/Data/PlaybackEngines/iOSSupport/UnityEditor.iOS.Extensions.dll
Registered in 0.031025 seconds.
- Loaded All Assemblies, in  1.549 seconds
[usbmuxd] Start listen thread
[usbmuxd] Listen thread started
Native extension for iOS target not found
Native extension for Android target not found
Android Extension - Scanning For ADB Devices 756 ms
Native extension for UWP target not found
Native extension for WindowsStandalone target not found
Mono: successfully reloaded assembly
C:\build\output\Unity-Technologies\mono\mono\metadata\icall.c:1842:
C:\build\output\Unity-Technologies\mono\mono\metadata\icall.c:1842:
- Finished resetting the current domain, in  1.923 seconds
Domain Reload Profiling: 3460ms
	BeginReloadAssembly (530ms)
		ExecutionOrderSort (0ms)
		DisableScriptedObjects (0ms)
		BackupInstance (0ms)
		ReleaseScriptingObjects (0ms)
		CreateAndSetChildDomain (4ms)
	RebuildCommonClasses (100ms)
	RebuildNativeTypeToScriptingClass (34ms)
	initialDomainReloadingComplete (196ms)
	LoadAllAssembliesAndSetupDomain (675ms)
		LoadAssemblies (519ms)
		RebuildTransferFunctionScriptingTraits (0ms)
		AnalyzeDomain (648ms)
			TypeCache.Refresh (645ms)
				TypeCache.ScanAssembly (612ms)
			ScanForSourceGeneratedMonoScriptInfo (1ms)
			ResolveRequiredComponents (1ms)
	FinalizeReload (1924ms)
		ReleaseScriptCaches (0ms)
		RebuildScriptCaches (0ms)
		SetupLoadedEditorAssemblies (1799ms)
			LogAssemblyErrors (0ms)
			InitializePlatformSupportModulesInManaged (1261ms)
			SetLoadedEditorAssemblies (9ms)
			BeforeProcessingInitializeOnLoad (19ms)
			ProcessInitializeOnLoadAttributes (313ms)
			ProcessInitializeOnLoadMethodAttributes (196ms)
			AfterProcessingInitializeOnLoad (0ms)
			EditorAssembliesLoaded (1ms)
		ExecutionOrderSort2 (0ms)
		AwakeInstancesAfterBackupRestoration (0ms)
========================================================================
Worker process is ready to serve import requests
Import Worker Mode flag is 0x00
Begin MonoManager ReloadAssembly
C:\build\output\Unity-Technologies\mono\mono\metadata\icall.c:1842:
C:\build\output\Unity-Technologies\mono\mono\metadata\icall.c:1842:
C:\build\output\Unity-Technologies\mono\mono\metadata\icall.c:1842:
C:\build\output\Unity-Technologies\mono\mono\metadata\icall.c:1842:
C:\build\output\Unity-Technologies\mono\mono\metadata\icall.c:1842:
C:\build\output\Unity-Technologies\mono\mono\metadata\icall.c:1842:
C:\build\output\Unity-Technologies\mono\mono\metadata\icall.c:1842:
C:\build\output\Unity-Technologies\mono\mono\metadata\icall.c:1842:
C:\build\output\Unity-Technologies\mono\mono\metadata\icall.c:1842:
C:\build\output\Unity-Technologies\mono\mono\metadata\icall.c:1842:
C:\build\output\Unity-Technologies\mono\mono\metadata\icall.c:1842:
C:\build\output\Unity-Technologies\mono\mono\metadata\icall.c:1842:
Symbol file LoadedFromMemory doesn't match image B:\PROJELER\Fly Game\Library\PackageCache\com.unity.visualscripting@1.8.0\Editor\VisualScripting.Core\Dependencies\YamlDotNet\Unity.VisualScripting.YamlDotNet.dll
Symbol file LoadedFromMemory doesn't match image B:\PROJELER\Fly Game\Library\PackageCache\com.unity.visualscripting@1.8.0\Editor\VisualScripting.Core\Dependencies\DotNetZip\Unity.VisualScripting.IonicZip.dll
- Loaded All Assemblies, in  6.406 seconds
Refreshing native plugins compatible for Editor in 10.08 ms, found 3 plugins.
Native extension for iOS target not found
Native extension for Android target not found
Native extension for UWP target not found
Native extension for WindowsStandalone target not found
Mono: successfully reloaded assembly
- Finished resetting the current domain, in  2.360 seconds
Domain Reload Profiling: 8758ms
	BeginReloadAssembly (1304ms)
		ExecutionOrderSort (0ms)
		DisableScriptedObjects (31ms)
		BackupInstance (0ms)
		ReleaseScriptingObjects (0ms)
		CreateAndSetChildDomain (97ms)
	RebuildCommonClasses (130ms)
	RebuildNativeTypeToScriptingClass (46ms)
	initialDomainReloadingComplete (259ms)
	LoadAllAssembliesAndSetupDomain (4659ms)
		LoadAssemblies (2892ms)
		RebuildTransferFunctionScriptingTraits (0ms)
		AnalyzeDomain (2295ms)
			TypeCache.Refresh (2207ms)
				TypeCache.ScanAssembly (1868ms)
			ScanForSourceGeneratedMonoScriptInfo (74ms)
			ResolveRequiredComponents (14ms)
	FinalizeReload (2361ms)
		ReleaseScriptCaches (0ms)
		RebuildScriptCaches (0ms)
		SetupLoadedEditorAssemblies (1690ms)
			LogAssemblyErrors (0ms)
			InitializePlatformSupportModulesInManaged (126ms)
			SetLoadedEditorAssemblies (14ms)
			BeforeProcessingInitializeOnLoad (272ms)
			ProcessInitializeOnLoadAttributes (1182ms)
			ProcessInitializeOnLoadMethodAttributes (80ms)
			AfterProcessingInitializeOnLoad (15ms)
			EditorAssembliesLoaded (0ms)
		ExecutionOrderSort2 (0ms)
		AwakeInstancesAfterBackupRestoration (25ms)
Launched and connected shader compiler UnityShaderCompiler.exe after 0.05 seconds
Refreshing native plugins compatible for Editor in 10.31 ms, found 3 plugins.
Preloading 0 native plugins for Editor in 0.00 ms.
Unloading 3126 Unused Serialized files (Serialized files now loaded: 0)
Unloading 32 unused Assets / (53.1 KB). Loaded Objects now: 3684.
Memory consumption went from 132.0 MB to 131.9 MB.
Total: 11.041000 ms (FindLiveObjects: 0.465700 ms CreateObjectMapping: 0.507600 ms MarkObjects: 9.672000 ms  DeleteObjects: 0.391700 ms)

AssetImportParameters requested are different than current active one (requested -> active):
  custom:video-decoder-webm-vp8: 9c59270c3fd7afecdb556c50c9e8de78 -> 
  custom:SearchIndexIgnoredProperties: e643bd26f0fe6173181afceb89e7c659 -> 
  custom:audio-encoder-webm-vorbis: bf7c407c2cedff20999df2af8eb42d56 -> 
  custom:AudioImporter_EditorPlatform: d09bf68614088b80899f8185d706f6e7 -> 
  custom:audio-decoder-ogg-vorbis: bf7c407c2cedff20999df2af8eb42d56 -> 
  custom:video-encoder-webm-vp8: eb34c28f22e8b96e1ab97ce403110664 -> 
  custom:container-demuxer-ogg: 62fdf1f143b41e24485cea50d1cbac27 -> 
  custom:framework-win-MediaFoundation: 216162199b28c13a410421893ffa2e32 -> 
  custom:video-decoder-ogg-theora: a1e56fd34408186e4bbccfd4996cb3dc -> 
  custom:container-muxer-webm: aa71ff27fc2769a1b78a27578f13a17b -> 
  custom:CustomObjectIndexerAttribute: 756ad292c208cfabdd7b50bc23989ffe -> 
  custom:container-demuxer-webm: 4f35f7cbe854078d1ac9338744f61a02 -> 
========================================================================
Received Prepare
Refreshing native plugins compatible for Editor in 100.46 ms, found 3 plugins.
Preloading 0 native plugins for Editor in 0.00 ms.
Unloading 1 Unused Serialized files (Serialized files now loaded: 0)
Unloading 1 unused Assets / (3.0 KB). Loaded Objects now: 3684.
Memory consumption went from 82.6 MB to 82.6 MB.
Total: 11.633600 ms (FindLiveObjects: 0.483500 ms CreateObjectMapping: 0.441600 ms MarkObjects: 10.657300 ms  DeleteObjects: 0.048100 ms)

Prepare: number of updated asset objects reloaded= 0
AssetImportParameters requested are different than current active one (requested -> active):
  custom:video-decoder-webm-vp8: 9c59270c3fd7afecdb556c50c9e8de78 -> 
  custom:SearchIndexIgnoredProperties: e643bd26f0fe6173181afceb89e7c659 -> 
  custom:audio-encoder-webm-vorbis: bf7c407c2cedff20999df2af8eb42d56 -> 
  custom:AudioImporter_EditorPlatform: d09bf68614088b80899f8185d706f6e7 -> 
  custom:audio-decoder-ogg-vorbis: bf7c407c2cedff20999df2af8eb42d56 -> 
  custom:video-encoder-webm-vp8: eb34c28f22e8b96e1ab97ce403110664 -> 
  custom:container-demuxer-ogg: 62fdf1f143b41e24485cea50d1cbac27 -> 
  custom:framework-win-MediaFoundation: 216162199b28c13a410421893ffa2e32 -> 
  custom:video-decoder-ogg-theora: a1e56fd34408186e4bbccfd4996cb3dc -> 
  custom:container-muxer-webm: aa71ff27fc2769a1b78a27578f13a17b -> 
  custom:CustomObjectIndexerAttribute: 756ad292c208cfabdd7b50bc23989ffe -> 
  custom:container-demuxer-webm: 4f35f7cbe854078d1ac9338744f61a02 -> 
========================================================================
Received Prepare
Refreshing native plugins compatible for Editor in 4.82 ms, found 3 plugins.
Preloading 0 native plugins for Editor in 0.00 ms.
Unloading 1 Unused Serialized files (Serialized files now loaded: 0)
Unloading 1 unused Assets / (3.0 KB). Loaded Objects now: 3684.
Memory consumption went from 82.2 MB to 82.2 MB.
Total: 7.716100 ms (FindLiveObjects: 0.437500 ms CreateObjectMapping: 0.507600 ms MarkObjects: 6.731200 ms  DeleteObjects: 0.037500 ms)

Prepare: number of updated asset objects reloaded= 0
AssetImportParameters requested are different than current active one (requested -> active):
  custom:video-decoder-webm-vp8: 9c59270c3fd7afecdb556c50c9e8de78 -> 
  custom:SearchIndexIgnoredProperties: e643bd26f0fe6173181afceb89e7c659 -> 
  custom:audio-encoder-webm-vorbis: bf7c407c2cedff20999df2af8eb42d56 -> 
  custom:AudioImporter_EditorPlatform: d09bf68614088b80899f8185d706f6e7 -> 
  custom:audio-decoder-ogg-vorbis: bf7c407c2cedff20999df2af8eb42d56 -> 
  custom:video-encoder-webm-vp8: eb34c28f22e8b96e1ab97ce403110664 -> 
  custom:container-demuxer-ogg: 62fdf1f143b41e24485cea50d1cbac27 -> 
  custom:framework-win-MediaFoundation: 216162199b28c13a410421893ffa2e32 -> 
  custom:video-decoder-ogg-theora: a1e56fd34408186e4bbccfd4996cb3dc -> 
  custom:container-muxer-webm: aa71ff27fc2769a1b78a27578f13a17b -> 
  custom:CustomObjectIndexerAttribute: 756ad292c208cfabdd7b50bc23989ffe -> 
  custom:container-demuxer-webm: 4f35f7cbe854078d1ac9338744f61a02 -> 
========================================================================
Received Prepare
Begin MonoManager ReloadAssembly
C:\build\output\Unity-Technologies\mono\mono\metadata\icall.c:1842:
C:\build\output\Unity-Technologies\mono\mono\metadata\icall.c:1842:
C:\build\output\Unity-Technologies\mono\mono\metadata\icall.c:1842:
C:\build\output\Unity-Technologies\mono\mono\metadata\icall.c:1842:
C:\build\output\Unity-Technologies\mono\mono\metadata\icall.c:1842:
C:\build\output\Unity-Technologies\mono\mono\metadata\icall.c:1842:
C:\build\output\Unity-Technologies\mono\mono\metadata\icall.c:1842:
C:\build\output\Unity-Technologies\mono\mono\metadata\icall.c:1842:
C:\build\output\Unity-Technologies\mono\mono\metadata\icall.c:1842:
C:\build\output\Unity-Technologies\mono\mono\metadata\icall.c:1842:
C:\build\output\Unity-Technologies\mono\mono\metadata\icall.c:1842:
C:\build\output\Unity-Technologies\mono\mono\metadata\icall.c:1842:
Symbol file LoadedFromMemory doesn't match image B:\PROJELER\Fly Game\Library\PackageCache\com.unity.visualscripting@1.8.0\Editor\VisualScripting.Core\Dependencies\YamlDotNet\Unity.VisualScripting.YamlDotNet.dll
Symbol file LoadedFromMemory doesn't match image B:\PROJELER\Fly Game\Library\PackageCache\com.unity.visualscripting@1.8.0\Editor\VisualScripting.Core\Dependencies\DotNetZip\Unity.VisualScripting.IonicZip.dll
- Loaded All Assemblies, in  3.203 seconds
Refreshing native plugins compatible for Editor in 4.83 ms, found 3 plugins.
Native extension for iOS target not found
Native extension for Android target not found
Native extension for UWP target not found
Native extension for WindowsStandalone target not found
Mono: successfully reloaded assembly
- Finished resetting the current domain, in 13.838 seconds
Domain Reload Profiling: 17032ms
	BeginReloadAssembly (950ms)
		ExecutionOrderSort (0ms)
		DisableScriptedObjects (22ms)
		BackupInstance (0ms)
		ReleaseScriptingObjects (4ms)
		CreateAndSetChildDomain (390ms)
	RebuildCommonClasses (109ms)
	RebuildNativeTypeToScriptingClass (42ms)
	initialDomainReloadingComplete (87ms)
	LoadAllAssembliesAndSetupDomain (2005ms)
		LoadAssemblies (1412ms)
		RebuildTransferFunctionScriptingTraits (0ms)
		AnalyzeDomain (955ms)
			TypeCache.Refresh (911ms)
				TypeCache.ScanAssembly (745ms)
			ScanForSourceGeneratedMonoScriptInfo (31ms)
			ResolveRequiredComponents (12ms)
	FinalizeReload (13839ms)
		ReleaseScriptCaches (0ms)
		RebuildScriptCaches (0ms)
		SetupLoadedEditorAssemblies (1155ms)
			LogAssemblyErrors (0ms)
			InitializePlatformSupportModulesInManaged (100ms)
			SetLoadedEditorAssemblies (10ms)
			BeforeProcessingInitializeOnLoad (214ms)
			ProcessInitializeOnLoadAttributes (742ms)
			ProcessInitializeOnLoadMethodAttributes (63ms)
			AfterProcessingInitializeOnLoad (26ms)
			EditorAssembliesLoaded (0ms)
		ExecutionOrderSort2 (0ms)
		AwakeInstancesAfterBackupRestoration (39ms)
Refreshing native plugins compatible for Editor in 4.66 ms, found 3 plugins.
Preloading 0 native plugins for Editor in 0.00 ms.
Unloading 3118 Unused Serialized files (Serialized files now loaded: 0)
Unloading 22 unused Assets / (30.9 KB). Loaded Objects now: 3685.
Memory consumption went from 132.2 MB to 132.2 MB.
Total: 8.443200 ms (FindLiveObjects: 0.411600 ms CreateObjectMapping: 0.455100 ms MarkObjects: 7.496900 ms  DeleteObjects: 0.077400 ms)

Prepare: number of updated asset objects reloaded= 0
AssetImportParameters requested are different than current active one (requested -> active):
  custom:video-decoder-webm-vp8: 9c59270c3fd7afecdb556c50c9e8de78 -> 
  custom:SearchIndexIgnoredProperties: e643bd26f0fe6173181afceb89e7c659 -> 
  custom:audio-encoder-webm-vorbis: bf7c407c2cedff20999df2af8eb42d56 -> 
  custom:AudioImporter_EditorPlatform: d09bf68614088b80899f8185d706f6e7 -> 
  custom:audio-decoder-ogg-vorbis: bf7c407c2cedff20999df2af8eb42d56 -> 
  custom:video-encoder-webm-vp8: eb34c28f22e8b96e1ab97ce403110664 -> 
  custom:container-demuxer-ogg: 62fdf1f143b41e24485cea50d1cbac27 -> 
  custom:framework-win-MediaFoundation: 216162199b28c13a410421893ffa2e32 -> 
  custom:video-decoder-ogg-theora: a1e56fd34408186e4bbccfd4996cb3dc -> 
  custom:container-muxer-webm: aa71ff27fc2769a1b78a27578f13a17b -> 
  custom:CustomObjectIndexerAttribute: 756ad292c208cfabdd7b50bc23989ffe -> 
  custom:container-demuxer-webm: 4f35f7cbe854078d1ac9338744f61a02 -> 
========================================================================
Received Import Request.
  Time since last request: 292493.825213 seconds.
  path: Assets/SimpleFX/Models/FX_Lightray.fbx
  artifactKey: Guid(e27c39df43b866b469e491273c885c51) Importer(815301076,1909f56bfc062723c751e8b465ee728b)
Start importing Assets/SimpleFX/Models/FX_Lightray.fbx using Guid(e27c39df43b866b469e491273c885c51) Importer(815301076,1909f56bfc062723c751e8b465ee728b)  -> (artifact id: '61939714a7f44e978d8e371d797912ee') in 0.951261 seconds
Number of updated asset objects reloaded before import = 0
Number of asset objects unloaded after import = 7
========================================================================
Received Import Request.
  Time since last request: 0.000059 seconds.
  path: Assets/SimpleFX/Materials/FX_Water.mat
  artifactKey: Guid(daf5714b1bd61c84fb8f439922ec2664) Importer(815301076,1909f56bfc062723c751e8b465ee728b)
Start importing Assets/SimpleFX/Materials/FX_Water.mat using Guid(daf5714b1bd61c84fb8f439922ec2664) Importer(815301076,1909f56bfc062723c751e8b465ee728b)  -> (artifact id: 'e9fa4400f1a29f9793ca100e45b79bf5') in 0.135829 seconds
Number of updated asset objects reloaded before import = 0
Number of asset objects unloaded after import = 1
========================================================================
Received Import Request.
  Time since last request: 0.000064 seconds.
  path: Assets/SimpleFX/Materials/FX_GunFlash.mat
  artifactKey: Guid(f1b0fea076fb0574d868f6e3d9523f52) Importer(815301076,1909f56bfc062723c751e8b465ee728b)
Start importing Assets/SimpleFX/Materials/FX_GunFlash.mat using Guid(f1b0fea076fb0574d868f6e3d9523f52) Importer(815301076,1909f56bfc062723c751e8b465ee728b)  -> (artifact id: '73ea0a03b6c87794c8e1a498d25a47c3') in 0.018145 seconds
Number of updated asset objects reloaded before import = 0
Number of asset objects unloaded after import = 1
========================================================================
Received Import Request.
  Time since last request: 0.000071 seconds.
  path: Assets/SimpleFX/Models/FX_Rubble.fbx
  artifactKey: Guid(42e0384be8104584cbcc3a1fadaafb79) Importer(815301076,1909f56bfc062723c751e8b465ee728b)
Start importing Assets/SimpleFX/Models/FX_Rubble.fbx using Guid(42e0384be8104584cbcc3a1fadaafb79) Importer(815301076,1909f56bfc062723c751e8b465ee728b)  -> (artifact id: '871ec29c7e96ace5c43e5417d84be579') in 0.020977 seconds
Number of updated asset objects reloaded before import = 0
Number of asset objects unloaded after import = 7
========================================================================
Received Import Request.
  Time since last request: 0.000043 seconds.
  path: Assets/SimpleFX/Materials/FX_Glow.mat
  artifactKey: Guid(040cfa3c61ad57946ae16c627e338920) Importer(815301076,1909f56bfc062723c751e8b465ee728b)
Start importing Assets/SimpleFX/Materials/FX_Glow.mat using Guid(040cfa3c61ad57946ae16c627e338920) Importer(815301076,1909f56bfc062723c751e8b465ee728b)  -> (artifact id: 'f6ef3058be2e77b32663a0da32b7d673') in 0.012249 seconds
Number of updated asset objects reloaded before import = 0
Number of asset objects unloaded after import = 1
========================================================================
Received Import Request.
  Time since last request: 0.000044 seconds.
  path: Assets/SimpleFX/Models/FX_PoolSplash_01.fbx
  artifactKey: Guid(89f5c0aef85208c47827ce19d9767acb) Importer(815301076,1909f56bfc062723c751e8b465ee728b)
Start importing Assets/SimpleFX/Models/FX_PoolSplash_01.fbx using Guid(89f5c0aef85208c47827ce19d9767acb) Importer(815301076,1909f56bfc062723c751e8b465ee728b)  -> (artifact id: 'b4d51a5c49e22d530693b8013e81b194') in 0.025386 seconds
Number of updated asset objects reloaded before import = 0
Number of asset objects unloaded after import = 7
========================================================================
Received Import Request.
  Time since last request: 0.000114 seconds.
  path: Assets/SimpleFX/Materials/FX_Splash.mat
  artifactKey: Guid(1ee00051305bdb049b02c923f047227d) Importer(815301076,1909f56bfc062723c751e8b465ee728b)
Start importing Assets/SimpleFX/Materials/FX_Splash.mat using Guid(1ee00051305bdb049b02c923f047227d) Importer(815301076,1909f56bfc062723c751e8b465ee728b)  -> (artifact id: '8a43c0d4002043c76e550be46f80da08') in 0.013127 seconds
Number of updated asset objects reloaded before import = 0
Number of asset objects unloaded after import = 1
========================================================================
Received Import Request.
  Time since last request: 0.000104 seconds.
  path: Assets/SimpleFX/Materials/FX_Rubble.mat
  artifactKey: Guid(7a9bced7715b2c047b5413e33bc60d5c) Importer(815301076,1909f56bfc062723c751e8b465ee728b)
Start importing Assets/SimpleFX/Materials/FX_Rubble.mat using Guid(7a9bced7715b2c047b5413e33bc60d5c) Importer(815301076,1909f56bfc062723c751e8b465ee728b)  -> (artifact id: '0456d413a01da1aac10d5396a73e9eb0') in 0.013064 seconds
Number of updated asset objects reloaded before import = 0
Number of asset objects unloaded after import = 1
========================================================================
Received Import Request.
  Time since last request: 0.354868 seconds.
  path: Assets/SimpleFX/Prefabs/FX_DirtSplatter.prefab
  artifactKey: Guid(834c99069a124aa439d5795c3579843b) Importer(815301076,1909f56bfc062723c751e8b465ee728b)
Start importing Assets/SimpleFX/Prefabs/FX_DirtSplatter.prefab using Guid(834c99069a124aa439d5795c3579843b) Importer(815301076,1909f56bfc062723c751e8b465ee728b)  -> (artifact id: 'b8407123d3b33c5b8776ab533482d02f') in 0.081610 seconds
Number of updated asset objects reloaded before import = 0
Number of asset objects unloaded after import = 8
========================================================================
Received Import Request.
  Time since last request: 0.000037 seconds.
  path: Assets/SimpleFX/Prefabs/FX_Explosion_Rubble.prefab
  artifactKey: Guid(079954accd64b32419ec069129c81273) Importer(815301076,1909f56bfc062723c751e8b465ee728b)
Start importing Assets/SimpleFX/Prefabs/FX_Explosion_Rubble.prefab using Guid(079954accd64b32419ec069129c81273) Importer(815301076,1909f56bfc062723c751e8b465ee728b)  -> (artifact id: '16323ad9a0c659c8dc79a7839f1b4b8c') in 0.034038 seconds
Number of updated asset objects reloaded before import = 0
Number of asset objects unloaded after import = 18
========================================================================
Received Import Request.
  Time since last request: 0.000052 seconds.
  path: Assets/SimpleFX/Prefabs/FX_Dust_Prefab_03.prefab
  artifactKey: Guid(1570b78163aaedc44bfd35cf13a9f13f) Importer(815301076,1909f56bfc062723c751e8b465ee728b)
Start importing Assets/SimpleFX/Prefabs/FX_Dust_Prefab_03.prefab using Guid(1570b78163aaedc44bfd35cf13a9f13f) Importer(815301076,1909f56bfc062723c751e8b465ee728b)  -> (artifact id: '41a56957a45518599f476bf452298a9a') in 0.011370 seconds
Number of updated asset objects reloaded before import = 0
Number of asset objects unloaded after import = 7
========================================================================
Received Import Request.
  Time since last request: 21.009336 seconds.
  path: Assets/EffectTexturesAndPrefabs/Prefabs/Cube.prefab
  artifactKey: Guid(3db9e95faad829f4b953f712b1811fc5) Importer(815301076,1909f56bfc062723c751e8b465ee728b)
Start importing Assets/EffectTexturesAndPrefabs/Prefabs/Cube.prefab using Guid(3db9e95faad829f4b953f712b1811fc5) Importer(815301076,1909f56bfc062723c751e8b465ee728b)  -> (artifact id: 'dcbce51b866e6b889ae320690000d58a') in 0.029887 seconds
Number of updated asset objects reloaded before import = 0
Number of asset objects unloaded after import = 10
========================================================================
Received Import Request.
  Time since last request: 0.000048 seconds.
  path: Assets/EffectTexturesAndPrefabs/Prefabs/Heart.prefab
  artifactKey: Guid(f87e7926fd589094b8a269e14b8bea5e) Importer(815301076,1909f56bfc062723c751e8b465ee728b)
Start importing Assets/EffectTexturesAndPrefabs/Prefabs/Heart.prefab using Guid(f87e7926fd589094b8a269e14b8bea5e) Importer(815301076,1909f56bfc062723c751e8b465ee728b)  -> (artifact id: '4fabadb18574aee028eae6a32492307c') in 0.266777 seconds
Number of updated asset objects reloaded before import = 0
Number of asset objects unloaded after import = 16
========================================================================
Received Import Request.
  Time since last request: 0.000042 seconds.
  path: Assets/EffectTexturesAndPrefabs/Prefabs/Fire_A.prefab
  artifactKey: Guid(8b47f39d91e61384889cff33839361dc) Importer(815301076,1909f56bfc062723c751e8b465ee728b)
Start importing Assets/EffectTexturesAndPrefabs/Prefabs/Fire_A.prefab using Guid(8b47f39d91e61384889cff33839361dc) Importer(815301076,1909f56bfc062723c751e8b465ee728b)  -> (artifact id: '9749be3f57ecb851df39285b6a62b08b') in 11.730614 seconds
Number of updated asset objects reloaded before import = 0
Number of asset objects unloaded after import = 23
========================================================================
Received Import Request.
  Time since last request: 0.000088 seconds.
  path: Assets/EffectTexturesAndPrefabs/Materials/MuzzleFlash.mat
  artifactKey: Guid(c87875f717377f74f84d94ac4def6622) Importer(815301076,1909f56bfc062723c751e8b465ee728b)
Start importing Assets/EffectTexturesAndPrefabs/Materials/MuzzleFlash.mat using Guid(c87875f717377f74f84d94ac4def6622) Importer(815301076,1909f56bfc062723c751e8b465ee728b)  -> (artifact id: '37d3846a60e81fe02d7919a9fd66818f') in 0.368663 seconds
Number of updated asset objects reloaded before import = 0
Number of asset objects unloaded after import = 2
========================================================================
Received Import Request.
  Time since last request: 0.000074 seconds.
  path: Assets/EffectTexturesAndPrefabs/Textures/smoke_n.png
  artifactKey: Guid(4cf38eda12d49f54d83a8d3de778eab9) Importer(815301076,1909f56bfc062723c751e8b465ee728b)
Start importing Assets/EffectTexturesAndPrefabs/Textures/smoke_n.png using Guid(4cf38eda12d49f54d83a8d3de778eab9) Importer(815301076,1909f56bfc062723c751e8b465ee728b)  -> (artifact id: '980aa99537d2ef9ab1f80f65a3009d66') in 0.053755 seconds
Number of updated asset objects reloaded before import = 0
Number of asset objects unloaded after import = 2
========================================================================
Received Import Request.
  Time since last request: 0.000037 seconds.
  path: Assets/EffectTexturesAndPrefabs/Materials/LightRing.mat
  artifactKey: Guid(0161c043b67ab5541a07dbabad9d69b4) Importer(815301076,1909f56bfc062723c751e8b465ee728b)
Start importing Assets/EffectTexturesAndPrefabs/Materials/LightRing.mat using Guid(0161c043b67ab5541a07dbabad9d69b4) Importer(815301076,1909f56bfc062723c751e8b465ee728b)  -> (artifact id: '3fcb6d2aa8b7639f302a9eb8ac7a9086') in 0.037754 seconds
Number of updated asset objects reloaded before import = 0
Number of asset objects unloaded after import = 2
========================================================================
Received Import Request.
  Time since last request: 0.000032 seconds.
  path: Assets/EffectTexturesAndPrefabs/Materials/Fire_A.mat
  artifactKey: Guid(b465c451c01c117458142e3e46fe035b) Importer(815301076,1909f56bfc062723c751e8b465ee728b)
Start importing Assets/EffectTexturesAndPrefabs/Materials/Fire_A.mat using Guid(b465c451c01c117458142e3e46fe035b) Importer(815301076,1909f56bfc062723c751e8b465ee728b)  -> (artifact id: 'aeed276892a9f62cded1a5495a5f8265') in 0.071109 seconds
Number of updated asset objects reloaded before import = 0
Number of asset objects unloaded after import = 2
========================================================================
Received Import Request.
  Time since last request: 0.000040 seconds.
  path: Assets/EffectTexturesAndPrefabs/Prefabs/HitEffect_A.prefab
  artifactKey: Guid(643639841fb531e4ba8097fed4eb9ac7) Importer(815301076,1909f56bfc062723c751e8b465ee728b)
Start importing Assets/EffectTexturesAndPrefabs/Prefabs/HitEffect_A.prefab using Guid(643639841fb531e4ba8097fed4eb9ac7) Importer(815301076,1909f56bfc062723c751e8b465ee728b)  -> (artifact id: '3fd2658a8613a0dca5df981c6892427d') in 0.038240 seconds
Number of updated asset objects reloaded before import = 0
Number of asset objects unloaded after import = 14
========================================================================
Received Import Request.
  Time since last request: 0.000039 seconds.
  path: Assets/EffectTexturesAndPrefabs/Textures/light_ring.png
  artifactKey: Guid(e8e4bc588b1176c4aafab4804c6d8d98) Importer(815301076,1909f56bfc062723c751e8b465ee728b)
Start importing Assets/EffectTexturesAndPrefabs/Textures/light_ring.png using Guid(e8e4bc588b1176c4aafab4804c6d8d98) Importer(815301076,1909f56bfc062723c751e8b465ee728b)  -> (artifact id: 'd186f25fe938fa2bce23369e2d6923f7') in 0.021960 seconds
Number of updated asset objects reloaded before import = 0
Number of asset objects unloaded after import = 2
========================================================================
Received Import Request.
  Time since last request: 0.000062 seconds.
  path: Assets/EffectTexturesAndPrefabs/Textures/ShockWave.png
  artifactKey: Guid(068fda816d1984c4d9d66984ad9d3a03) Importer(815301076,1909f56bfc062723c751e8b465ee728b)
Start importing Assets/EffectTexturesAndPrefabs/Textures/ShockWave.png using Guid(068fda816d1984c4d9d66984ad9d3a03) Importer(815301076,1909f56bfc062723c751e8b465ee728b)  -> (artifact id: '495e5545d214eff4b2d2272bdfdaba6c') in 0.016695 seconds
Number of updated asset objects reloaded before import = 0
Number of asset objects unloaded after import = 2
========================================================================
Received Import Request.
  Time since last request: 0.000060 seconds.
  path: Assets/EffectTexturesAndPrefabs/Textures/heart.png
  artifactKey: Guid(d55c061dc27d0ce4a9ec883994eb8bf3) Importer(815301076,1909f56bfc062723c751e8b465ee728b)
Start importing Assets/EffectTexturesAndPrefabs/Textures/heart.png using Guid(d55c061dc27d0ce4a9ec883994eb8bf3) Importer(815301076,1909f56bfc062723c751e8b465ee728b)  -> (artifact id: '9ae89eb1d8a6bbba23820f69644cb58d') in 0.015572 seconds
Number of updated asset objects reloaded before import = 0
Number of asset objects unloaded after import = 2
========================================================================
Received Import Request.
  Time since last request: 0.000131 seconds.
  path: Assets/EffectTexturesAndPrefabs/Materials/Smoke_explosion.mat
  artifactKey: Guid(8350849aae5998e4ca0f12fcd3e9c157) Importer(815301076,1909f56bfc062723c751e8b465ee728b)
Start importing Assets/EffectTexturesAndPrefabs/Materials/Smoke_explosion.mat using Guid(8350849aae5998e4ca0f12fcd3e9c157) Importer(815301076,1909f56bfc062723c751e8b465ee728b)  -> (artifact id: '44d9b1ef4f3eb1922e946f26773b22b1') in 9.203183 seconds
Number of updated asset objects reloaded before import = 0
Number of asset objects unloaded after import = 3
========================================================================
Received Import Request.
  Time since last request: 0.000041 seconds.
  path: Assets/EffectTexturesAndPrefabs/Prefabs/Fire_B.prefab
  artifactKey: Guid(83f5e574addfb424ebd95bbb8ff8b080) Importer(815301076,1909f56bfc062723c751e8b465ee728b)
Start importing Assets/EffectTexturesAndPrefabs/Prefabs/Fire_B.prefab using Guid(83f5e574addfb424ebd95bbb8ff8b080) Importer(815301076,1909f56bfc062723c751e8b465ee728b)  -> (artifact id: '53668bd603f7207f4c6b7e2ca04bca2d') in 0.042416 seconds
Number of updated asset objects reloaded before import = 0
Number of asset objects unloaded after import = 23
========================================================================
Received Import Request.
  Time since last request: 0.000090 seconds.
  path: Assets/EffectTexturesAndPrefabs/Materials/FireParticle_A.mat
  artifactKey: Guid(abc49fa8b01f5314c880641bc7c5986d) Importer(815301076,1909f56bfc062723c751e8b465ee728b)
Start importing Assets/EffectTexturesAndPrefabs/Materials/FireParticle_A.mat using Guid(abc49fa8b01f5314c880641bc7c5986d) Importer(815301076,1909f56bfc062723c751e8b465ee728b)  -> (artifact id: 'd94361055551fca364151ec4eee74336') in 0.024000 seconds
Number of updated asset objects reloaded before import = 0
Number of asset objects unloaded after import = 2
========================================================================
Received Import Request.
  Time since last request: 0.000028 seconds.
  path: Assets/EffectTexturesAndPrefabs/Materials/Slash.mat
  artifactKey: Guid(7ab6922abe596f14bbeacc00ae8c81be) Importer(815301076,1909f56bfc062723c751e8b465ee728b)
Start importing Assets/EffectTexturesAndPrefabs/Materials/Slash.mat using Guid(7ab6922abe596f14bbeacc00ae8c81be) Importer(815301076,1909f56bfc062723c751e8b465ee728b)  -> (artifact id: '6cf9ee0bed1ce166b673c42318c0879c') in 0.018277 seconds
Number of updated asset objects reloaded before import = 0
Number of asset objects unloaded after import = 2
========================================================================
Received Import Request.
  Time since last request: 0.000029 seconds.
  path: Assets/EffectTexturesAndPrefabs/Textures/light.png
  artifactKey: Guid(a6de0b4e38ace5e4281e0b18205d4615) Importer(815301076,1909f56bfc062723c751e8b465ee728b)
Start importing Assets/EffectTexturesAndPrefabs/Textures/light.png using Guid(a6de0b4e38ace5e4281e0b18205d4615) Importer(815301076,1909f56bfc062723c751e8b465ee728b)  -> (artifact id: 'ff6a2d45919777e67cedef45fe8226c5') in 0.022811 seconds
Number of updated asset objects reloaded before import = 0
Number of asset objects unloaded after import = 2
========================================================================
Received Import Request.
  Time since last request: 0.000082 seconds.
  path: Assets/EffectTexturesAndPrefabs/Materials/Light.mat
  artifactKey: Guid(05fa321eed70c8a4abaaa1eb517bb3b7) Importer(815301076,1909f56bfc062723c751e8b465ee728b)
Start importing Assets/EffectTexturesAndPrefabs/Materials/Light.mat using Guid(05fa321eed70c8a4abaaa1eb517bb3b7) Importer(815301076,1909f56bfc062723c751e8b465ee728b)  -> (artifact id: '2020915ddf47b92a735b13b726dbe88b') in 0.019841 seconds
Number of updated asset objects reloaded before import = 0
Number of asset objects unloaded after import = 2
========================================================================
Received Import Request.
  Time since last request: 0.000032 seconds.
  path: Assets/EffectTexturesAndPrefabs/Textures/slash.png
  artifactKey: Guid(114545a4b70d362468dce7ca6f39e659) Importer(815301076,1909f56bfc062723c751e8b465ee728b)
Start importing Assets/EffectTexturesAndPrefabs/Textures/slash.png using Guid(114545a4b70d362468dce7ca6f39e659) Importer(815301076,1909f56bfc062723c751e8b465ee728b)  -> (artifact id: '2227a4d7fd18045e2435145fa94443d2') in 0.016628 seconds
Number of updated asset objects reloaded before import = 0
Number of asset objects unloaded after import = 2
========================================================================
Received Import Request.
  Time since last request: 0.000026 seconds.
  path: Assets/EffectTexturesAndPrefabs/Textures/MuzzleFlash.tga
  artifactKey: Guid(76c091cfa73cb7e43b5e3a696b08e723) Importer(815301076,1909f56bfc062723c751e8b465ee728b)
Start importing Assets/EffectTexturesAndPrefabs/Textures/MuzzleFlash.tga using Guid(76c091cfa73cb7e43b5e3a696b08e723) Importer(815301076,1909f56bfc062723c751e8b465ee728b)  -> (artifact id: '5c2f360b4553a1e5b0dd1fc4e0352a89') in 0.039130 seconds
Number of updated asset objects reloaded before import = 0
Number of asset objects unloaded after import = 2
========================================================================
Received Import Request.
  Time since last request: 0.000128 seconds.
  path: Assets/EffectTexturesAndPrefabs/Materials/PlaneBlack.mat
  artifactKey: Guid(d8a7d31f497e15a47859d4c852dcee03) Importer(815301076,1909f56bfc062723c751e8b465ee728b)
Start importing Assets/EffectTexturesAndPrefabs/Materials/PlaneBlack.mat using Guid(d8a7d31f497e15a47859d4c852dcee03) Importer(815301076,1909f56bfc062723c751e8b465ee728b)  -> (artifact id: '956aa26e62ab87cd600f632c33deb40b') in 0.012287 seconds
Number of updated asset objects reloaded before import = 0
Number of asset objects unloaded after import = 1
========================================================================
Received Import Request.
  Time since last request: 20.240400 seconds.
  path: Assets/EffectTexturesAndPrefabs/Materials/Star_A.mat
  artifactKey: Guid(aac8c2d15db78104ba4efcddca91ba0e) Importer(815301076,1909f56bfc062723c751e8b465ee728b)
Start importing Assets/EffectTexturesAndPrefabs/Materials/Star_A.mat using Guid(aac8c2d15db78104ba4efcddca91ba0e) Importer(815301076,1909f56bfc062723c751e8b465ee728b)  -> (artifact id: 'f309cb3d7b92123ee94cb1601f89ebfb') in 0.019188 seconds
Number of updated asset objects reloaded before import = 0
Number of asset objects unloaded after import = 2
========================================================================
Received Prepare
Begin MonoManager ReloadAssembly
C:\build\output\Unity-Technologies\mono\mono\metadata\icall.c:1842:
C:\build\output\Unity-Technologies\mono\mono\metadata\icall.c:1842:
C:\build\output\Unity-Technologies\mono\mono\metadata\icall.c:1842:
C:\build\output\Unity-Technologies\mono\mono\metadata\icall.c:1842:
C:\build\output\Unity-Technologies\mono\mono\metadata\icall.c:1842:
C:\build\output\Unity-Technologies\mono\mono\metadata\icall.c:1842:
C:\build\output\Unity-Technologies\mono\mono\metadata\icall.c:1842:
C:\build\output\Unity-Technologies\mono\mono\metadata\icall.c:1842:
C:\build\output\Unity-Technologies\mono\mono\metadata\icall.c:1842:
C:\build\output\Unity-Technologies\mono\mono\metadata\icall.c:1842:
C:\build\output\Unity-Technologies\mono\mono\metadata\icall.c:1842:
C:\build\output\Unity-Technologies\mono\mono\metadata\icall.c:1842:
Symbol file LoadedFromMemory doesn't match image B:\PROJELER\Fly Game\Library\PackageCache\com.unity.visualscripting@1.8.0\Editor\VisualScripting.Core\Dependencies\YamlDotNet\Unity.VisualScripting.YamlDotNet.dll
Symbol file LoadedFromMemory doesn't match image B:\PROJELER\Fly Game\Library\PackageCache\com.unity.visualscripting@1.8.0\Editor\VisualScripting.Core\Dependencies\DotNetZip\Unity.VisualScripting.IonicZip.dll
- Loaded All Assemblies, in  4.320 seconds
Refreshing native plugins compatible for Editor in 6.37 ms, found 3 plugins.
Native extension for iOS target not found
Native extension for Android target not found
Native extension for UWP target not found
Native extension for WindowsStandalone target not found
Mono: successfully reloaded assembly
- Finished resetting the current domain, in 20.353 seconds
Domain Reload Profiling: 24666ms
	BeginReloadAssembly (1315ms)
		ExecutionOrderSort (0ms)
		DisableScriptedObjects (48ms)
		BackupInstance (0ms)
		ReleaseScriptingObjects (1ms)
		CreateAndSetChildDomain (629ms)
	RebuildCommonClasses (125ms)
	RebuildNativeTypeToScriptingClass (40ms)
	initialDomainReloadingComplete (96ms)
	LoadAllAssembliesAndSetupDomain (2735ms)
		LoadAssemblies (1872ms)
		RebuildTransferFunctionScriptingTraits (0ms)
		AnalyzeDomain (1298ms)
			TypeCache.Refresh (1284ms)
				TypeCache.ScanAssembly (1035ms)
			ScanForSourceGeneratedMonoScriptInfo (1ms)
			ResolveRequiredComponents (13ms)
	FinalizeReload (20355ms)
		ReleaseScriptCaches (0ms)
		RebuildScriptCaches (0ms)
		SetupLoadedEditorAssemblies (1251ms)
			LogAssemblyErrors (0ms)
			InitializePlatformSupportModulesInManaged (119ms)
			SetLoadedEditorAssemblies (16ms)
			BeforeProcessingInitializeOnLoad (253ms)
			ProcessInitializeOnLoadAttributes (785ms)
			ProcessInitializeOnLoadMethodAttributes (61ms)
			AfterProcessingInitializeOnLoad (16ms)
			EditorAssembliesLoaded (0ms)
		ExecutionOrderSort2 (0ms)
		AwakeInstancesAfterBackupRestoration (30ms)
Refreshing native plugins compatible for Editor in 4.87 ms, found 3 plugins.
Preloading 0 native plugins for Editor in 0.00 ms.
Unloading 3117 Unused Serialized files (Serialized files now loaded: 0)
Unloading 21 unused Assets / (30.2 KB). Loaded Objects now: 3740.
Memory consumption went from 207.0 MB to 207.0 MB.
Total: 13.343400 ms (FindLiveObjects: 1.272500 ms CreateObjectMapping: 0.634100 ms MarkObjects: 11.266600 ms  DeleteObjects: 0.167500 ms)

Prepare: number of updated asset objects reloaded= 0
AssetImportParameters requested are different than current active one (requested -> active):
  custom:video-decoder-webm-vp8: 9c59270c3fd7afecdb556c50c9e8de78 -> 
  custom:SearchIndexIgnoredProperties: e643bd26f0fe6173181afceb89e7c659 -> 
  custom:audio-encoder-webm-vorbis: bf7c407c2cedff20999df2af8eb42d56 -> 
  custom:AudioImporter_EditorPlatform: d09bf68614088b80899f8185d706f6e7 -> 
  custom:audio-decoder-ogg-vorbis: bf7c407c2cedff20999df2af8eb42d56 -> 
  custom:video-encoder-webm-vp8: eb34c28f22e8b96e1ab97ce403110664 -> 
  custom:container-demuxer-ogg: 62fdf1f143b41e24485cea50d1cbac27 -> 
  custom:framework-win-MediaFoundation: 216162199b28c13a410421893ffa2e32 -> 
  custom:video-decoder-ogg-theora: a1e56fd34408186e4bbccfd4996cb3dc -> 
  custom:container-muxer-webm: aa71ff27fc2769a1b78a27578f13a17b -> 
  custom:CustomObjectIndexerAttribute: 756ad292c208cfabdd7b50bc23989ffe -> 
  custom:container-demuxer-webm: 4f35f7cbe854078d1ac9338744f61a02 -> 
========================================================================
Received Prepare
Begin MonoManager ReloadAssembly
C:\build\output\Unity-Technologies\mono\mono\metadata\icall.c:1842:
C:\build\output\Unity-Technologies\mono\mono\metadata\icall.c:1842:
C:\build\output\Unity-Technologies\mono\mono\metadata\icall.c:1842:
C:\build\output\Unity-Technologies\mono\mono\metadata\icall.c:1842:
C:\build\output\Unity-Technologies\mono\mono\metadata\icall.c:1842:
C:\build\output\Unity-Technologies\mono\mono\metadata\icall.c:1842:
C:\build\output\Unity-Technologies\mono\mono\metadata\icall.c:1842:
C:\build\output\Unity-Technologies\mono\mono\metadata\icall.c:1842:
C:\build\output\Unity-Technologies\mono\mono\metadata\icall.c:1842:
C:\build\output\Unity-Technologies\mono\mono\metadata\icall.c:1842:
C:\build\output\Unity-Technologies\mono\mono\metadata\icall.c:1842:
C:\build\output\Unity-Technologies\mono\mono\metadata\icall.c:1842:
Symbol file LoadedFromMemory doesn't match image B:\PROJELER\Fly Game\Library\PackageCache\com.unity.visualscripting@1.8.0\Editor\VisualScripting.Core\Dependencies\YamlDotNet\Unity.VisualScripting.YamlDotNet.dll
Symbol file LoadedFromMemory doesn't match image B:\PROJELER\Fly Game\Library\PackageCache\com.unity.visualscripting@1.8.0\Editor\VisualScripting.Core\Dependencies\DotNetZip\Unity.VisualScripting.IonicZip.dll
- Loaded All Assemblies, in  2.087 seconds
Refreshing native plugins compatible for Editor in 4.44 ms, found 3 plugins.
Native extension for iOS target not found
Native extension for Android target not found
Native extension for UWP target not found
Native extension for WindowsStandalone target not found
Mono: successfully reloaded assembly
- Finished resetting the current domain, in  2.420 seconds
Domain Reload Profiling: 4500ms
	BeginReloadAssembly (491ms)
		ExecutionOrderSort (0ms)
		DisableScriptedObjects (18ms)
		BackupInstance (0ms)
		ReleaseScriptingObjects (0ms)
		CreateAndSetChildDomain (103ms)
	RebuildCommonClasses (110ms)
	RebuildNativeTypeToScriptingClass (33ms)
	initialDomainReloadingComplete (82ms)
	LoadAllAssembliesAndSetupDomain (1363ms)
		LoadAssemblies (831ms)
		RebuildTransferFunctionScriptingTraits (0ms)
		AnalyzeDomain (818ms)
			TypeCache.Refresh (798ms)
				TypeCache.ScanAssembly (772ms)
			ScanForSourceGeneratedMonoScriptInfo (0ms)
			ResolveRequiredComponents (19ms)
	FinalizeReload (2421ms)
		ReleaseScriptCaches (0ms)
		RebuildScriptCaches (0ms)
		SetupLoadedEditorAssemblies (1176ms)
			LogAssemblyErrors (0ms)
			InitializePlatformSupportModulesInManaged (106ms)
			SetLoadedEditorAssemblies (9ms)
			BeforeProcessingInitializeOnLoad (223ms)
			ProcessInitializeOnLoadAttributes (760ms)
			ProcessInitializeOnLoadMethodAttributes (60ms)
			AfterProcessingInitializeOnLoad (17ms)
			EditorAssembliesLoaded (0ms)
		ExecutionOrderSort2 (0ms)
		AwakeInstancesAfterBackupRestoration (30ms)
Refreshing native plugins compatible for Editor in 5.94 ms, found 3 plugins.
Preloading 0 native plugins for Editor in 0.00 ms.
Unloading 3117 Unused Serialized files (Serialized files now loaded: 0)
Unloading 21 unused Assets / (30.3 KB). Loaded Objects now: 3741.
Memory consumption went from 209.0 MB to 208.9 MB.
Total: 8.408200 ms (FindLiveObjects: 0.428100 ms CreateObjectMapping: 0.493600 ms MarkObjects: 7.364000 ms  DeleteObjects: 0.119900 ms)

Prepare: number of updated asset objects reloaded= 0
AssetImportParameters requested are different than current active one (requested -> active):
  custom:video-decoder-webm-vp8: 9c59270c3fd7afecdb556c50c9e8de78 -> 
  custom:SearchIndexIgnoredProperties: e643bd26f0fe6173181afceb89e7c659 -> 
  custom:audio-encoder-webm-vorbis: bf7c407c2cedff20999df2af8eb42d56 -> 
  custom:AudioImporter_EditorPlatform: d09bf68614088b80899f8185d706f6e7 -> 
  custom:audio-decoder-ogg-vorbis: bf7c407c2cedff20999df2af8eb42d56 -> 
  custom:video-encoder-webm-vp8: eb34c28f22e8b96e1ab97ce403110664 -> 
  custom:container-demuxer-ogg: 62fdf1f143b41e24485cea50d1cbac27 -> 
  custom:framework-win-MediaFoundation: 216162199b28c13a410421893ffa2e32 -> 
  custom:video-decoder-ogg-theora: a1e56fd34408186e4bbccfd4996cb3dc -> 
  custom:container-muxer-webm: aa71ff27fc2769a1b78a27578f13a17b -> 
  custom:CustomObjectIndexerAttribute: 756ad292c208cfabdd7b50bc23989ffe -> 
  custom:container-demuxer-webm: 4f35f7cbe854078d1ac9338744f61a02 -> 
========================================================================
Received Prepare
Begin MonoManager ReloadAssembly
C:\build\output\Unity-Technologies\mono\mono\metadata\icall.c:1842:
C:\build\output\Unity-Technologies\mono\mono\metadata\icall.c:1842:
C:\build\output\Unity-Technologies\mono\mono\metadata\icall.c:1842:
C:\build\output\Unity-Technologies\mono\mono\metadata\icall.c:1842:
C:\build\output\Unity-Technologies\mono\mono\metadata\icall.c:1842:
C:\build\output\Unity-Technologies\mono\mono\metadata\icall.c:1842:
C:\build\output\Unity-Technologies\mono\mono\metadata\icall.c:1842:
C:\build\output\Unity-Technologies\mono\mono\metadata\icall.c:1842:
C:\build\output\Unity-Technologies\mono\mono\metadata\icall.c:1842:
C:\build\output\Unity-Technologies\mono\mono\metadata\icall.c:1842:
C:\build\output\Unity-Technologies\mono\mono\metadata\icall.c:1842:
C:\build\output\Unity-Technologies\mono\mono\metadata\icall.c:1842:
Symbol file LoadedFromMemory doesn't match image B:\PROJELER\Fly Game\Library\PackageCache\com.unity.visualscripting@1.8.0\Editor\VisualScripting.Core\Dependencies\YamlDotNet\Unity.VisualScripting.YamlDotNet.dll
Symbol file LoadedFromMemory doesn't match image B:\PROJELER\Fly Game\Library\PackageCache\com.unity.visualscripting@1.8.0\Editor\VisualScripting.Core\Dependencies\DotNetZip\Unity.VisualScripting.IonicZip.dll
- Loaded All Assemblies, in  2.014 seconds
Refreshing native plugins compatible for Editor in 6.22 ms, found 3 plugins.
Native extension for iOS target not found
Native extension for Android target not found
Native extension for UWP target not found
Native extension for WindowsStandalone target not found
Mono: successfully reloaded assembly
- Finished resetting the current domain, in  2.345 seconds
Domain Reload Profiling: 4351ms
	BeginReloadAssembly (477ms)
		ExecutionOrderSort (0ms)
		DisableScriptedObjects (14ms)
		BackupInstance (0ms)
		ReleaseScriptingObjects (0ms)
		CreateAndSetChildDomain (97ms)
	RebuildCommonClasses (97ms)
	RebuildNativeTypeToScriptingClass (37ms)
	initialDomainReloadingComplete (68ms)
	LoadAllAssembliesAndSetupDomain (1326ms)
		LoadAssemblies (771ms)
		RebuildTransferFunctionScriptingTraits (0ms)
		AnalyzeDomain (839ms)
			TypeCache.Refresh (826ms)
				TypeCache.ScanAssembly (804ms)
			ScanForSourceGeneratedMonoScriptInfo (0ms)
			ResolveRequiredComponents (12ms)
	FinalizeReload (2347ms)
		ReleaseScriptCaches (0ms)
		RebuildScriptCaches (0ms)
		SetupLoadedEditorAssemblies (1171ms)
			LogAssemblyErrors (0ms)
			InitializePlatformSupportModulesInManaged (130ms)
			SetLoadedEditorAssemblies (11ms)
			BeforeProcessingInitializeOnLoad (214ms)
			ProcessInitializeOnLoadAttributes (739ms)
			ProcessInitializeOnLoadMethodAttributes (60ms)
			AfterProcessingInitializeOnLoad (17ms)
			EditorAssembliesLoaded (0ms)
		ExecutionOrderSort2 (0ms)
		AwakeInstancesAfterBackupRestoration (32ms)
Refreshing native plugins compatible for Editor in 5.05 ms, found 3 plugins.
Preloading 0 native plugins for Editor in 0.00 ms.
Unloading 3117 Unused Serialized files (Serialized files now loaded: 0)
Unloading 21 unused Assets / (30.4 KB). Loaded Objects now: 3742.
Memory consumption went from 210.9 MB to 210.9 MB.
Total: 9.864500 ms (FindLiveObjects: 0.460100 ms CreateObjectMapping: 0.599400 ms MarkObjects: 8.725500 ms  DeleteObjects: 0.075300 ms)

Prepare: number of updated asset objects reloaded= 0
AssetImportParameters requested are different than current active one (requested -> active):
  custom:video-decoder-webm-vp8: 9c59270c3fd7afecdb556c50c9e8de78 -> 
  custom:SearchIndexIgnoredProperties: e643bd26f0fe6173181afceb89e7c659 -> 
  custom:audio-encoder-webm-vorbis: bf7c407c2cedff20999df2af8eb42d56 -> 
  custom:AudioImporter_EditorPlatform: d09bf68614088b80899f8185d706f6e7 -> 
  custom:audio-decoder-ogg-vorbis: bf7c407c2cedff20999df2af8eb42d56 -> 
  custom:video-encoder-webm-vp8: eb34c28f22e8b96e1ab97ce403110664 -> 
  custom:container-demuxer-ogg: 62fdf1f143b41e24485cea50d1cbac27 -> 
  custom:framework-win-MediaFoundation: 216162199b28c13a410421893ffa2e32 -> 
  custom:video-decoder-ogg-theora: a1e56fd34408186e4bbccfd4996cb3dc -> 
  custom:container-muxer-webm: aa71ff27fc2769a1b78a27578f13a17b -> 
  custom:CustomObjectIndexerAttribute: 756ad292c208cfabdd7b50bc23989ffe -> 
  custom:container-demuxer-webm: 4f35f7cbe854078d1ac9338744f61a02 -> 
========================================================================
Received Import Request.
  Time since last request: 2532.826617 seconds.
  path: Assets/EffectTexturesAndPrefabs/Materials/pngegg (12).png
  artifactKey: Guid(4f5d666b0c798ea409afd63fa9bd4e00) Importer(815301076,1909f56bfc062723c751e8b465ee728b)
Start importing Assets/EffectTexturesAndPrefabs/Materials/pngegg (12).png using Guid(4f5d666b0c798ea409afd63fa9bd4e00) Importer(815301076,1909f56bfc062723c751e8b465ee728b)  -> (artifact id: '066c0d796423aee365717c7167b561b7') in 0.568883 seconds
Number of updated asset objects reloaded before import = 0
Number of asset objects unloaded after import = 2
========================================================================
Received Prepare
Begin MonoManager ReloadAssembly
C:\build\output\Unity-Technologies\mono\mono\metadata\icall.c:1842:
C:\build\output\Unity-Technologies\mono\mono\metadata\icall.c:1842:
C:\build\output\Unity-Technologies\mono\mono\metadata\icall.c:1842:
C:\build\output\Unity-Technologies\mono\mono\metadata\icall.c:1842:
C:\build\output\Unity-Technologies\mono\mono\metadata\icall.c:1842:
C:\build\output\Unity-Technologies\mono\mono\metadata\icall.c:1842:
C:\build\output\Unity-Technologies\mono\mono\metadata\icall.c:1842:
C:\build\output\Unity-Technologies\mono\mono\metadata\icall.c:1842:
C:\build\output\Unity-Technologies\mono\mono\metadata\icall.c:1842:
C:\build\output\Unity-Technologies\mono\mono\metadata\icall.c:1842:
C:\build\output\Unity-Technologies\mono\mono\metadata\icall.c:1842:
C:\build\output\Unity-Technologies\mono\mono\metadata\icall.c:1842:
Symbol file LoadedFromMemory doesn't match image B:\PROJELER\Fly Game\Library\PackageCache\com.unity.visualscripting@1.8.0\Editor\VisualScripting.Core\Dependencies\YamlDotNet\Unity.VisualScripting.YamlDotNet.dll
Symbol file LoadedFromMemory doesn't match image B:\PROJELER\Fly Game\Library\PackageCache\com.unity.visualscripting@1.8.0\Editor\VisualScripting.Core\Dependencies\DotNetZip\Unity.VisualScripting.IonicZip.dll
- Loaded All Assemblies, in  3.956 seconds
Refreshing native plugins compatible for Editor in 7.00 ms, found 3 plugins.
Native extension for iOS target not found
Native extension for Android target not found
Native extension for UWP target not found
Native extension for WindowsStandalone target not found
Mono: successfully reloaded assembly
- Finished resetting the current domain, in 24.238 seconds
Domain Reload Profiling: 28185ms
	BeginReloadAssembly (1026ms)
		ExecutionOrderSort (0ms)
		DisableScriptedObjects (78ms)
		BackupInstance (0ms)
		ReleaseScriptingObjects (3ms)
		CreateAndSetChildDomain (459ms)
	RebuildCommonClasses (117ms)
	RebuildNativeTypeToScriptingClass (41ms)
	initialDomainReloadingComplete (106ms)
	LoadAllAssembliesAndSetupDomain (2657ms)
		LoadAssemblies (1715ms)
		RebuildTransferFunctionScriptingTraits (0ms)
		AnalyzeDomain (1235ms)
			TypeCache.Refresh (1211ms)
				TypeCache.ScanAssembly (1015ms)
			ScanForSourceGeneratedMonoScriptInfo (1ms)
			ResolveRequiredComponents (22ms)
	FinalizeReload (24239ms)
		ReleaseScriptCaches (0ms)
		RebuildScriptCaches (0ms)
		SetupLoadedEditorAssemblies (1300ms)
			LogAssemblyErrors (0ms)
			InitializePlatformSupportModulesInManaged (119ms)
			SetLoadedEditorAssemblies (15ms)
			BeforeProcessingInitializeOnLoad (270ms)
			ProcessInitializeOnLoadAttributes (804ms)
			ProcessInitializeOnLoadMethodAttributes (71ms)
			AfterProcessingInitializeOnLoad (21ms)
			EditorAssembliesLoaded (0ms)
		ExecutionOrderSort2 (0ms)
		AwakeInstancesAfterBackupRestoration (29ms)
Refreshing native plugins compatible for Editor in 6.09 ms, found 3 plugins.
Preloading 0 native plugins for Editor in 0.00 ms.
Unloading 3117 Unused Serialized files (Serialized files now loaded: 0)
Unloading 21 unused Assets / (30.4 KB). Loaded Objects now: 3743.
Memory consumption went from 212.8 MB to 212.8 MB.
Total: 11.493700 ms (FindLiveObjects: 0.588700 ms CreateObjectMapping: 0.524000 ms MarkObjects: 10.223200 ms  DeleteObjects: 0.154300 ms)

Prepare: number of updated asset objects reloaded= 0
AssetImportParameters requested are different than current active one (requested -> active):
  custom:video-decoder-webm-vp8: 9c59270c3fd7afecdb556c50c9e8de78 -> 
  custom:SearchIndexIgnoredProperties: e643bd26f0fe6173181afceb89e7c659 -> 
  custom:audio-encoder-webm-vorbis: bf7c407c2cedff20999df2af8eb42d56 -> 
  custom:AudioImporter_EditorPlatform: d09bf68614088b80899f8185d706f6e7 -> 
  custom:audio-decoder-ogg-vorbis: bf7c407c2cedff20999df2af8eb42d56 -> 
  custom:video-encoder-webm-vp8: eb34c28f22e8b96e1ab97ce403110664 -> 
  custom:container-demuxer-ogg: 62fdf1f143b41e24485cea50d1cbac27 -> 
  custom:framework-win-MediaFoundation: 216162199b28c13a410421893ffa2e32 -> 
  custom:video-decoder-ogg-theora: a1e56fd34408186e4bbccfd4996cb3dc -> 
  custom:container-muxer-webm: aa71ff27fc2769a1b78a27578f13a17b -> 
  custom:CustomObjectIndexerAttribute: 756ad292c208cfabdd7b50bc23989ffe -> 
  custom:container-demuxer-webm: 4f35f7cbe854078d1ac9338744f61a02 -> 
========================================================================
Received Import Request.
  Time since last request: 2175.764633 seconds.
  path: Assets/EffectTexturesAndPrefabs/Prefabs/Fire_B.prefab
  artifactKey: Guid(83f5e574addfb424ebd95bbb8ff8b080) Importer(815301076,1909f56bfc062723c751e8b465ee728b)
Start importing Assets/EffectTexturesAndPrefabs/Prefabs/Fire_B.prefab using Guid(83f5e574addfb424ebd95bbb8ff8b080) Importer(815301076,1909f56bfc062723c751e8b465ee728b)  -> (artifact id: '3cb10ca70470f21766e0dc56e7a64c97') in 0.165153 seconds
Number of updated asset objects reloaded before import = 0
Number of asset objects unloaded after import = 23
========================================================================
Received Import Request.
  Time since last request: 0.000024 seconds.
  path: Assets/EffectTexturesAndPrefabs/Prefabs/ShockWave.prefab
  artifactKey: Guid(5cbc537826220e04592d5a41a0dd985f) Importer(815301076,1909f56bfc062723c751e8b465ee728b)
Start importing Assets/EffectTexturesAndPrefabs/Prefabs/ShockWave.prefab using Guid(5cbc537826220e04592d5a41a0dd985f) Importer(815301076,1909f56bfc062723c751e8b465ee728b)  -> (artifact id: '10f6dd7a7f3c7affee2bd93999001670') in 0.038361 seconds
Number of updated asset objects reloaded before import = 0
Number of asset objects unloaded after import = 11
========================================================================
Received Import Request.
  Time since last request: 0.000058 seconds.
  path: Assets/EffectTexturesAndPrefabs/Prefabs/HitEffect_B.prefab
  artifactKey: Guid(3fe0df07025a3e747855b1bb671fc04e) Importer(815301076,1909f56bfc062723c751e8b465ee728b)
Start importing Assets/EffectTexturesAndPrefabs/Prefabs/HitEffect_B.prefab using Guid(3fe0df07025a3e747855b1bb671fc04e) Importer(815301076,1909f56bfc062723c751e8b465ee728b)  -> (artifact id: 'e14f6530f3350a560e34787d69f6a6cd') in 0.023627 seconds
Number of updated asset objects reloaded before import = 0
Number of asset objects unloaded after import = 20
========================================================================
Received Prepare
Begin MonoManager ReloadAssembly
C:\build\output\Unity-Technologies\mono\mono\metadata\icall.c:1842:
C:\build\output\Unity-Technologies\mono\mono\metadata\icall.c:1842:
C:\build\output\Unity-Technologies\mono\mono\metadata\icall.c:1842:
C:\build\output\Unity-Technologies\mono\mono\metadata\icall.c:1842:
C:\build\output\Unity-Technologies\mono\mono\metadata\icall.c:1842:
C:\build\output\Unity-Technologies\mono\mono\metadata\icall.c:1842:
C:\build\output\Unity-Technologies\mono\mono\metadata\icall.c:1842:
C:\build\output\Unity-Technologies\mono\mono\metadata\icall.c:1842:
C:\build\output\Unity-Technologies\mono\mono\metadata\icall.c:1842:
C:\build\output\Unity-Technologies\mono\mono\metadata\icall.c:1842:
C:\build\output\Unity-Technologies\mono\mono\metadata\icall.c:1842:
C:\build\output\Unity-Technologies\mono\mono\metadata\icall.c:1842:
Symbol file LoadedFromMemory doesn't match image B:\PROJELER\Fly Game\Library\PackageCache\com.unity.visualscripting@1.8.0\Editor\VisualScripting.Core\Dependencies\YamlDotNet\Unity.VisualScripting.YamlDotNet.dll
Symbol file LoadedFromMemory doesn't match image B:\PROJELER\Fly Game\Library\PackageCache\com.unity.visualscripting@1.8.0\Editor\VisualScripting.Core\Dependencies\DotNetZip\Unity.VisualScripting.IonicZip.dll
- Loaded All Assemblies, in  2.677 seconds
Refreshing native plugins compatible for Editor in 5.73 ms, found 3 plugins.
Native extension for iOS target not found
Native extension for Android target not found
Native extension for UWP target not found
Native extension for WindowsStandalone target not found
Mono: successfully reloaded assembly
- Finished resetting the current domain, in  1.996 seconds
Domain Reload Profiling: 4667ms
	BeginReloadAssembly (556ms)
		ExecutionOrderSort (0ms)
		DisableScriptedObjects (14ms)
		BackupInstance (0ms)
		ReleaseScriptingObjects (0ms)
		CreateAndSetChildDomain (134ms)
	RebuildCommonClasses (106ms)
	RebuildNativeTypeToScriptingClass (31ms)
	initialDomainReloadingComplete (75ms)
	LoadAllAssembliesAndSetupDomain (1901ms)
		LoadAssemblies (1275ms)
		RebuildTransferFunctionScriptingTraits (0ms)
		AnalyzeDomain (948ms)
			TypeCache.Refresh (931ms)
				TypeCache.ScanAssembly (866ms)
			ScanForSourceGeneratedMonoScriptInfo (0ms)
			ResolveRequiredComponents (16ms)
	FinalizeReload (1997ms)
		ReleaseScriptCaches (0ms)
		RebuildScriptCaches (0ms)
		SetupLoadedEditorAssemblies (974ms)
			LogAssemblyErrors (0ms)
			InitializePlatformSupportModulesInManaged (92ms)
			SetLoadedEditorAssemblies (10ms)
			BeforeProcessingInitializeOnLoad (178ms)
			ProcessInitializeOnLoadAttributes (628ms)
			ProcessInitializeOnLoadMethodAttributes (53ms)
			AfterProcessingInitializeOnLoad (13ms)
			EditorAssembliesLoaded (0ms)
		ExecutionOrderSort2 (0ms)
		AwakeInstancesAfterBackupRestoration (24ms)
Refreshing native plugins compatible for Editor in 4.21 ms, found 3 plugins.
Preloading 0 native plugins for Editor in 0.00 ms.
Unloading 3117 Unused Serialized files (Serialized files now loaded: 0)
Unloading 21 unused Assets / (30.4 KB). Loaded Objects now: 3744.
Memory consumption went from 214.8 MB to 214.7 MB.
Total: 7.738400 ms (FindLiveObjects: 0.448700 ms CreateObjectMapping: 0.428700 ms MarkObjects: 6.783400 ms  DeleteObjects: 0.076100 ms)

Prepare: number of updated asset objects reloaded= 0
AssetImportParameters requested are different than current active one (requested -> active):
  custom:video-decoder-webm-vp8: 9c59270c3fd7afecdb556c50c9e8de78 -> 
  custom:SearchIndexIgnoredProperties: e643bd26f0fe6173181afceb89e7c659 -> 
  custom:audio-encoder-webm-vorbis: bf7c407c2cedff20999df2af8eb42d56 -> 
  custom:AudioImporter_EditorPlatform: d09bf68614088b80899f8185d706f6e7 -> 
  custom:audio-decoder-ogg-vorbis: bf7c407c2cedff20999df2af8eb42d56 -> 
  custom:video-encoder-webm-vp8: eb34c28f22e8b96e1ab97ce403110664 -> 
  custom:container-demuxer-ogg: 62fdf1f143b41e24485cea50d1cbac27 -> 
  custom:framework-win-MediaFoundation: 216162199b28c13a410421893ffa2e32 -> 
  custom:video-decoder-ogg-theora: a1e56fd34408186e4bbccfd4996cb3dc -> 
  custom:container-muxer-webm: aa71ff27fc2769a1b78a27578f13a17b -> 
  custom:CustomObjectIndexerAttribute: 756ad292c208cfabdd7b50bc23989ffe -> 
  custom:container-demuxer-webm: 4f35f7cbe854078d1ac9338744f61a02 -> 
========================================================================
Received Prepare
Begin MonoManager ReloadAssembly
C:\build\output\Unity-Technologies\mono\mono\metadata\icall.c:1842:
C:\build\output\Unity-Technologies\mono\mono\metadata\icall.c:1842:
C:\build\output\Unity-Technologies\mono\mono\metadata\icall.c:1842:
C:\build\output\Unity-Technologies\mono\mono\metadata\icall.c:1842:
C:\build\output\Unity-Technologies\mono\mono\metadata\icall.c:1842:
C:\build\output\Unity-Technologies\mono\mono\metadata\icall.c:1842:
C:\build\output\Unity-Technologies\mono\mono\metadata\icall.c:1842:
C:\build\output\Unity-Technologies\mono\mono\metadata\icall.c:1842:
C:\build\output\Unity-Technologies\mono\mono\metadata\icall.c:1842:
C:\build\output\Unity-Technologies\mono\mono\metadata\icall.c:1842:
C:\build\output\Unity-Technologies\mono\mono\metadata\icall.c:1842:
C:\build\output\Unity-Technologies\mono\mono\metadata\icall.c:1842:
Symbol file LoadedFromMemory doesn't match image B:\PROJELER\Fly Game\Library\PackageCache\com.unity.visualscripting@1.8.0\Editor\VisualScripting.Core\Dependencies\YamlDotNet\Unity.VisualScripting.YamlDotNet.dll
Symbol file LoadedFromMemory doesn't match image B:\PROJELER\Fly Game\Library\PackageCache\com.unity.visualscripting@1.8.0\Editor\VisualScripting.Core\Dependencies\DotNetZip\Unity.VisualScripting.IonicZip.dll
- Loaded All Assemblies, in  2.660 seconds
Refreshing native plugins compatible for Editor in 14.26 ms, found 3 plugins.
Native extension for iOS target not found
Native extension for Android target not found
Native extension for UWP target not found
Native extension for WindowsStandalone target not found
Mono: successfully reloaded assembly
- Finished resetting the current domain, in  2.849 seconds
Domain Reload Profiling: 5488ms
	BeginReloadAssembly (483ms)
		ExecutionOrderSort (0ms)
		DisableScriptedObjects (17ms)
		BackupInstance (0ms)
		ReleaseScriptingObjects (0ms)
		CreateAndSetChildDomain (97ms)
	RebuildCommonClasses (112ms)
	RebuildNativeTypeToScriptingClass (48ms)
	initialDomainReloadingComplete (91ms)
	LoadAllAssembliesAndSetupDomain (1904ms)
		LoadAssemblies (1021ms)
		RebuildTransferFunctionScriptingTraits (0ms)
		AnalyzeDomain (1159ms)
			TypeCache.Refresh (1127ms)
				TypeCache.ScanAssembly (1093ms)
			ScanForSourceGeneratedMonoScriptInfo (9ms)
			ResolveRequiredComponents (22ms)
	FinalizeReload (2850ms)
		ReleaseScriptCaches (0ms)
		RebuildScriptCaches (0ms)
		SetupLoadedEditorAssemblies (1301ms)
			LogAssemblyErrors (0ms)
			InitializePlatformSupportModulesInManaged (119ms)
			SetLoadedEditorAssemblies (13ms)
			BeforeProcessingInitializeOnLoad (249ms)
			ProcessInitializeOnLoadAttributes (824ms)
			ProcessInitializeOnLoadMethodAttributes (82ms)
			AfterProcessingInitializeOnLoad (15ms)
			EditorAssembliesLoaded (0ms)
		ExecutionOrderSort2 (0ms)
		AwakeInstancesAfterBackupRestoration (36ms)
Refreshing native plugins compatible for Editor in 5.24 ms, found 3 plugins.
Preloading 0 native plugins for Editor in 0.00 ms.
Unloading 3118 Unused Serialized files (Serialized files now loaded: 0)
Unloading 21 unused Assets / (30.4 KB). Loaded Objects now: 3746.
Memory consumption went from 216.7 MB to 216.7 MB.
Total: 8.254000 ms (FindLiveObjects: 0.504900 ms CreateObjectMapping: 0.535200 ms MarkObjects: 7.119900 ms  DeleteObjects: 0.092000 ms)

Prepare: number of updated asset objects reloaded= 0
AssetImportParameters requested are different than current active one (requested -> active):
  custom:video-decoder-webm-vp8: 9c59270c3fd7afecdb556c50c9e8de78 -> 
  custom:SearchIndexIgnoredProperties: e643bd26f0fe6173181afceb89e7c659 -> 
  custom:audio-encoder-webm-vorbis: bf7c407c2cedff20999df2af8eb42d56 -> 
  custom:AudioImporter_EditorPlatform: d09bf68614088b80899f8185d706f6e7 -> 
  custom:audio-decoder-ogg-vorbis: bf7c407c2cedff20999df2af8eb42d56 -> 
  custom:video-encoder-webm-vp8: eb34c28f22e8b96e1ab97ce403110664 -> 
  custom:container-demuxer-ogg: 62fdf1f143b41e24485cea50d1cbac27 -> 
  custom:framework-win-MediaFoundation: 216162199b28c13a410421893ffa2e32 -> 
  custom:video-decoder-ogg-theora: a1e56fd34408186e4bbccfd4996cb3dc -> 
  custom:container-muxer-webm: aa71ff27fc2769a1b78a27578f13a17b -> 
  custom:CustomObjectIndexerAttribute: 756ad292c208cfabdd7b50bc23989ffe -> 
  custom:container-demuxer-webm: 4f35f7cbe854078d1ac9338744f61a02 -> 
========================================================================
Received Import Request.
  Time since last request: 53.429399 seconds.
  path: Assets/Bolenler.cs
  artifactKey: Guid(5972aeef4bc230b4088c33df40afdf41) Importer(815301076,1909f56bfc062723c751e8b465ee728b)
Start importing Assets/Bolenler.cs using Guid(5972aeef4bc230b4088c33df40afdf41) Importer(815301076,1909f56bfc062723c751e8b465ee728b)  -> (artifact id: '4aa1f0e62e9e4c7707160c360d19cf0a') in 0.005645 seconds
Number of updated asset objects reloaded before import = 0
Number of asset objects unloaded after import = 0
